2017-05-07 05:05:48.217+0000 WARN [o.n.i.p.PageCache] The dbms.memory.pagecache.size setting has not been configured. It is recommended that this setting is always explicitly configured, to ensure the system has a balanced configuration. Until then, a computed heuristic value of 3340500992 bytes will be used instead. 
2017-05-07 05:05:48.485+0000 INFO [o.n.k.i.f.CommunityEditionModule] No locking implementation specified, defaulting to 'community'
2017-05-07 05:05:48.945+0000 INFO [o.n.k.AvailabilityGuard] Requirement makes database unavailable: Database available
2017-05-07 05:05:49.028+0000 INFO [o.n.k.i.DiagnosticsManager] --- INITIALIZED diagnostics START ---
2017-05-07 05:05:49.028+0000 INFO [o.n.k.i.DiagnosticsManager] Neo4j Kernel properties:
2017-05-07 05:05:49.029+0000 INFO [o.n.k.i.DiagnosticsManager] unsupported.dbms.edition=community
2017-05-07 05:05:49.029+0000 INFO [o.n.k.i.DiagnosticsManager] unsupported.dbms.directories.neo4j_home=/Users/granteverett/IdeaProjects/BGNeo4j/BGNeo4j/databases/attempt2
2017-05-07 05:05:49.029+0000 INFO [o.n.k.i.DiagnosticsManager] unsupported.dbms.ephemeral=false
2017-05-07 05:05:49.029+0000 INFO [o.n.k.i.DiagnosticsManager] Diagnostics providers:
2017-05-07 05:05:49.029+0000 INFO [o.n.k.i.DiagnosticsManager] org.neo4j.kernel.configuration.Config
2017-05-07 05:05:49.029+0000 INFO [o.n.k.i.DiagnosticsManager] org.neo4j.kernel.info.DiagnosticsManager
2017-05-07 05:05:49.029+0000 INFO [o.n.k.i.DiagnosticsManager] SYSTEM_MEMORY
2017-05-07 05:05:49.029+0000 INFO [o.n.k.i.DiagnosticsManager] JAVA_MEMORY
2017-05-07 05:05:49.029+0000 INFO [o.n.k.i.DiagnosticsManager] OPERATING_SYSTEM
2017-05-07 05:05:49.029+0000 INFO [o.n.k.i.DiagnosticsManager] JAVA_VIRTUAL_MACHINE
2017-05-07 05:05:49.030+0000 INFO [o.n.k.i.DiagnosticsManager] CLASSPATH
2017-05-07 05:05:49.030+0000 INFO [o.n.k.i.DiagnosticsManager] LIBRARY_PATH
2017-05-07 05:05:49.030+0000 INFO [o.n.k.i.DiagnosticsManager] SYSTEM_PROPERTIES
2017-05-07 05:05:49.030+0000 INFO [o.n.k.i.DiagnosticsManager] NETWORK
2017-05-07 05:05:49.030+0000 INFO [o.n.k.i.DiagnosticsManager] System memory information:
2017-05-07 05:05:49.033+0000 INFO [o.n.k.i.DiagnosticsManager] Total Physical memory: 8.00 GB
2017-05-07 05:05:49.035+0000 INFO [o.n.k.i.DiagnosticsManager] Free Physical memory: 75.29 MB
2017-05-07 05:05:49.037+0000 INFO [o.n.k.i.DiagnosticsManager] Committed virtual memory: 5.77 GB
2017-05-07 05:05:49.038+0000 INFO [o.n.k.i.DiagnosticsManager] Total swap space: 2.00 GB
2017-05-07 05:05:49.039+0000 INFO [o.n.k.i.DiagnosticsManager] Free swap space: 1.15 GB
2017-05-07 05:05:49.040+0000 INFO [o.n.k.i.DiagnosticsManager] JVM memory information:
2017-05-07 05:05:49.040+0000 INFO [o.n.k.i.DiagnosticsManager] Free  memory: 81.66 MB
2017-05-07 05:05:49.040+0000 INFO [o.n.k.i.DiagnosticsManager] Total memory: 123.00 MB
2017-05-07 05:05:49.040+0000 INFO [o.n.k.i.DiagnosticsManager] Max   memory: 1.78 GB
2017-05-07 05:05:49.045+0000 INFO [o.n.k.i.DiagnosticsManager] Garbage Collector: PS Scavenge: [PS Eden Space, PS Survivor Space]
2017-05-07 05:05:49.045+0000 INFO [o.n.k.i.DiagnosticsManager] Garbage Collector: PS MarkSweep: [PS Eden Space, PS Survivor Space, PS Old Gen]
2017-05-07 05:05:49.050+0000 INFO [o.n.k.i.DiagnosticsManager] Memory Pool: Code Cache (Non-heap memory): committed=4.13 MB, used=4.11 MB, max=240.00 MB, threshold=0.00 B
2017-05-07 05:05:49.051+0000 INFO [o.n.k.i.DiagnosticsManager] Memory Pool: Metaspace (Non-heap memory): committed=11.63 MB, used=11.02 MB, max=-1.00 B, threshold=0.00 B
2017-05-07 05:05:49.051+0000 INFO [o.n.k.i.DiagnosticsManager] Memory Pool: Compressed Class Space (Non-heap memory): committed=1.63 MB, used=1.43 MB, max=1.00 GB, threshold=0.00 B
2017-05-07 05:05:49.051+0000 INFO [o.n.k.i.DiagnosticsManager] Memory Pool: PS Eden Space (Heap memory): committed=32.50 MB, used=14.43 MB, max=672.50 MB, threshold=?
2017-05-07 05:05:49.052+0000 INFO [o.n.k.i.DiagnosticsManager] Memory Pool: PS Survivor Space (Heap memory): committed=5.00 MB, used=4.98 MB, max=5.00 MB, threshold=?
2017-05-07 05:05:49.052+0000 INFO [o.n.k.i.DiagnosticsManager] Memory Pool: PS Old Gen (Heap memory): committed=85.50 MB, used=21.93 MB, max=1.33 GB, threshold=0.00 B
2017-05-07 05:05:49.052+0000 INFO [o.n.k.i.DiagnosticsManager] Operating system information:
2017-05-07 05:05:49.056+0000 INFO [o.n.k.i.DiagnosticsManager] Operating System: Mac OS X; version: 10.12.4; arch: x86_64; cpus: 4
2017-05-07 05:05:49.057+0000 INFO [o.n.k.i.DiagnosticsManager] Max number of file descriptors: 10240
2017-05-07 05:05:49.059+0000 INFO [o.n.k.i.DiagnosticsManager] Number of open file descriptors: 221
2017-05-07 05:05:49.227+0000 INFO [o.n.k.i.DiagnosticsManager] Process id: 17762@Grants-MacBook-Pro.local
2017-05-07 05:05:49.227+0000 INFO [o.n.k.i.DiagnosticsManager] Byte order: LITTLE_ENDIAN
2017-05-07 05:05:49.227+0000 INFO [o.n.k.i.DiagnosticsManager] Local timezone: America/Chicago
2017-05-07 05:05:49.227+0000 INFO [o.n.k.i.DiagnosticsManager] JVM information:
2017-05-07 05:05:49.227+0000 INFO [o.n.k.i.DiagnosticsManager] VM Name: Java HotSpot(TM) 64-Bit Server VM
2017-05-07 05:05:49.227+0000 INFO [o.n.k.i.DiagnosticsManager] VM Vendor: Oracle Corporation
2017-05-07 05:05:49.227+0000 INFO [o.n.k.i.DiagnosticsManager] VM Version: 25.121-b13
2017-05-07 05:05:49.229+0000 INFO [o.n.k.i.DiagnosticsManager] JIT compiler: HotSpot 64-Bit Tiered Compilers
2017-05-07 05:05:49.230+0000 INFO [o.n.k.i.DiagnosticsManager] VM Arguments: [-javaagent:/Applications/IntelliJ IDEA.app/Contents/lib/idea_rt.jar=49491:/Applications/IntelliJ IDEA.app/Contents/bin, -Dfile.encoding=UTF-8]
2017-05-07 05:05:49.230+0000 INFO [o.n.k.i.DiagnosticsManager] Java classpath:
2017-05-07 05:05:49.253+0000 INFO [o.n.k.i.DiagnosticsManager]  [classpath + loader.0] file:/Users/granteverett/IdeaProjects/BGNeo4j/src/main/java/lib/jetty-io-9.2.9.v20150224.jar
2017-05-07 05:05:49.254+0000 INFO [o.n.k.i.DiagnosticsManager]  [classpath + loader.0] file:/Users/granteverett/.m2/repository/oro/oro/2.0.8/oro-2.0.8.jar
2017-05-07 05:05:49.254+0000 INFO [o.n.k.i.DiagnosticsManager]  [classpath + loader.0] file:/Users/granteverett/IdeaProjects/BGNeo4j/src/main/java/lib/neo4j-unsafe-3.2.0-SNAPSHOT.jar
2017-05-07 05:05:49.254+0000 INFO [o.n.k.i.DiagnosticsManager]  [classpath + loader.0] file:/Users/granteverett/.m2/repository/org/apache/maven/maven-project-builder/3.0-alpha-2/maven-project-builder-3.0-alpha-2.jar
2017-05-07 05:05:49.254+0000 INFO [o.n.k.i.DiagnosticsManager]  [classpath + loader.0] file:/Users/granteverett/IdeaProjects/BGNeo4j/src/main/java/lib/mimepull-1.9.3.jar
2017-05-07 05:05:49.254+0000 INFO [o.n.k.i.DiagnosticsManager]  [bootstrap + classpath + loader.0] file:/Library/Java/JavaVirtualMachines/jdk1.8.0_121.jdk/Contents/Home/jre/lib/jfr.jar
2017-05-07 05:05:49.255+0000 INFO [o.n.k.i.DiagnosticsManager]  [classpath + loader.0] file:/Users/granteverett/.m2/repository/org/neo4j/client/neo4j-browser/2.0.0-M11/neo4j-browser-2.0.0-M11.jar
2017-05-07 05:05:49.255+0000 INFO [o.n.k.i.DiagnosticsManager]  [classpath + loader.0] file:/Users/granteverett/IdeaProjects/BGNeo4j/src/main/java/lib/lucene-core-5.5.0.jar
2017-05-07 05:05:49.255+0000 INFO [o.n.k.i.DiagnosticsManager]  [bootstrap] /Library/Java/JavaVirtualMachines/jdk1.8.0_121.jdk/Contents/Home/jre/classes
2017-05-07 05:05:49.255+0000 INFO [o.n.k.i.DiagnosticsManager]  [classpath + loader.0] file:/Users/granteverett/.m2/repository/org/neo4j/maven/licenses/7/licenses-7.jar
2017-05-07 05:05:49.255+0000 INFO [o.n.k.i.DiagnosticsManager]  [classpath + loader.0] file:/Users/granteverett/.m2/repository/com/googlecode/concurrentlinkedhashmap/concurrentlinkedhashmap-lru/1.4.2/concurrentlinkedhashmap-lru-1.4.2.jar
2017-05-07 05:05:49.255+0000 INFO [o.n.k.i.DiagnosticsManager]  [classpath + loader.0] file:/Users/granteverett/IdeaProjects/BGNeo4j/src/main/java/lib/neo4j-cypher-frontend-3.2-3.2.0-SNAPSHOT.jar
2017-05-07 05:05:49.255+0000 INFO [o.n.k.i.DiagnosticsManager]  [classpath + loader.0] file:/Users/granteverett/IdeaProjects/BGNeo4j/src/main/java/lib/jersey-multipart-1.19.jar
2017-05-07 05:05:49.256+0000 INFO [o.n.k.i.DiagnosticsManager]  [bootstrap + classpath + loader.0] file:/Library/Java/JavaVirtualMachines/jdk1.8.0_121.jdk/Contents/Home/jre/lib/charsets.jar
2017-05-07 05:05:49.256+0000 INFO [o.n.k.i.DiagnosticsManager]  [classpath + loader.0] file:/Users/granteverett/IdeaProjects/BGNeo4j/src/main/java/lib/neo4j-udc-3.2.0-SNAPSHOT.jar
2017-05-07 05:05:49.256+0000 INFO [o.n.k.i.DiagnosticsManager]  [classpath + loader.0] file:/Users/granteverett/.m2/repository/com/thoughtworks/xstream/xstream/1.4.2/xstream-1.4.2.jar
2017-05-07 05:05:49.256+0000 INFO [o.n.k.i.DiagnosticsManager]  [classpath + loader.0] file:/Users/granteverett/.m2/repository/org/neo4j/neo4j-cypher-compiler-3.1/3.1.1/neo4j-cypher-compiler-3.1-3.1.1.jar
2017-05-07 05:05:49.256+0000 INFO [o.n.k.i.DiagnosticsManager]  [classpath + loader.0] file:/Users/granteverett/IdeaProjects/BGNeo4j/src/main/java/lib/neo4j-cypher-compiler-2.3-2.3.9.jar
2017-05-07 05:05:49.256+0000 INFO [o.n.k.i.DiagnosticsManager]  [classpath + loader.0] file:/Users/granteverett/.m2/repository/org/sonatype/sisu/sisu-inject-bean/2.1.1/sisu-inject-bean-2.1.1.jar
2017-05-07 05:05:49.256+0000 INFO [o.n.k.i.DiagnosticsManager]  [classpath + loader.0] file:/Users/granteverett/IdeaProjects/BGNeo4j/src/main/java/lib/commons-logging-1.1.1.jar
2017-05-07 05:05:49.256+0000 INFO [o.n.k.i.DiagnosticsManager]  [classpath + loader.0] file:/Users/granteverett/IdeaProjects/BGNeo4j/src/main/java/lib/javax.servlet-api-3.1.0.jar
2017-05-07 05:05:49.256+0000 INFO [o.n.k.i.DiagnosticsManager]  [classpath + loader.0] file:/Users/granteverett/.m2/repository/org/twdata/maven/mojo-executor/2.0/mojo-executor-2.0.jar
2017-05-07 05:05:49.256+0000 INFO [o.n.k.i.DiagnosticsManager]  [classpath + loader.0] file:/Library/Java/JavaVirtualMachines/jdk1.8.0_121.jdk/Contents/Home/jre/lib/jfxswt.jar
2017-05-07 05:05:49.256+0000 INFO [o.n.k.i.DiagnosticsManager]  [loader.1] file:/Library/Java/JavaVirtualMachines/jdk1.8.0_121.jdk/Contents/Home/jre/lib/ext/jaccess.jar
2017-05-07 05:05:49.256+0000 INFO [o.n.k.i.DiagnosticsManager]  [classpath + loader.0] file:/Users/granteverett/.m2/repository/org/apache/maven/maven-compat/3.0-alpha-2/maven-compat-3.0-alpha-2.jar
2017-05-07 05:05:49.256+0000 INFO [o.n.k.i.DiagnosticsManager]  [loader.0] file:/Applications/IntelliJ%20IDEA.app/Contents/lib/idea_rt.jar
2017-05-07 05:05:49.256+0000 INFO [o.n.k.i.DiagnosticsManager]  [classpath + loader.0] file:/Users/granteverett/.m2/repository/org/apache/maven/doxia/doxia-decoration-model/1.0/doxia-decoration-model-1.0.jar
2017-05-07 05:05:49.257+0000 INFO [o.n.k.i.DiagnosticsManager]  [classpath + loader.0] file:/Users/granteverett/IdeaProjects/BGNeo4j/src/main/java/lib/commons-lang-2.6.jar
2017-05-07 05:05:49.257+0000 INFO [o.n.k.i.DiagnosticsManager]  [classpath + loader.0] file:/Users/granteverett/IdeaProjects/BGNeo4j/src/main/java/lib/neo4j-import-tool-3.2.0-SNAPSHOT.jar
2017-05-07 05:05:49.257+0000 INFO [o.n.k.i.DiagnosticsManager]  [classpath + loader.0] file:/Users/granteverett/.m2/repository/net/sf/clirr/clirr-core/0.6/clirr-core-0.6.jar
2017-05-07 05:05:49.257+0000 INFO [o.n.k.i.DiagnosticsManager]  [classpath + loader.0] file:/Users/granteverett/.m2/repository/org/codehaus/plexus/plexus-utils/2.0.5/plexus-utils-2.0.5.jar
2017-05-07 05:05:49.257+0000 INFO [o.n.k.i.DiagnosticsManager]  [classpath + loader.0] file:/Users/granteverett/.m2/repository/org/apache/xbean/xbean-reflect/3.4/xbean-reflect-3.4.jar
2017-05-07 05:05:49.257+0000 INFO [o.n.k.i.DiagnosticsManager]  [classpath + loader.0] file:/Users/granteverett/.m2/repository/org/apache/maven/maven-model-builder/3.0.3/maven-model-builder-3.0.3.jar
2017-05-07 05:05:49.257+0000 INFO [o.n.k.i.DiagnosticsManager]  [classpath + loader.0] file:/Users/granteverett/.m2/repository/org/apache/maven/shared/maven-filtering/1.0/maven-filtering-1.0.jar
2017-05-07 05:05:49.257+0000 INFO [o.n.k.i.DiagnosticsManager]  [classpath + loader.0] file:/Users/granteverett/IdeaProjects/BGNeo4j/src/main/java/lib/neo4j-cypher-frontend-3.1-3.1.1.jar
2017-05-07 05:05:49.257+0000 INFO [o.n.k.i.DiagnosticsManager]  [classpath + loader.0] file:/Users/granteverett/IdeaProjects/BGNeo4j/src/main/java/lib/jetty-servlet-9.2.9.v20150224.jar
2017-05-07 05:05:49.257+0000 INFO [o.n.k.i.DiagnosticsManager]  [classpath + loader.0] file:/Users/granteverett/IdeaProjects/BGNeo4j/src/main/java/lib/server-api-3.2.0-SNAPSHOT.jar
2017-05-07 05:05:49.257+0000 INFO [o.n.k.i.DiagnosticsManager]  [classpath + loader.0] file:/Library/Java/JavaVirtualMachines/jdk1.8.0_121.jdk/Contents/Home/lib/javafx-mx.jar
2017-05-07 05:05:49.257+0000 INFO [o.n.k.i.DiagnosticsManager]  [classpath + loader.0] file:/Users/granteverett/IdeaProjects/BGNeo4j/src/main/java/lib/bcprov-jdk15on-1.53.jar
2017-05-07 05:05:49.257+0000 INFO [o.n.k.i.DiagnosticsManager]  [classpath + loader.0] file:/Users/granteverett/IdeaProjects/BGNeo4j/src/main/java/lib/neo4j-graph-matching-3.1.1.jar
2017-05-07 05:05:49.257+0000 INFO [o.n.k.i.DiagnosticsManager]  [classpath + loader.0] file:/Users/granteverett/IdeaProjects/BGNeo4j/src/main/java/lib/neo4j-lucene-index-3.2.0-SNAPSHOT.jar
2017-05-07 05:05:49.257+0000 INFO [o.n.k.i.DiagnosticsManager]  [classpath + loader.0] file:/Users/granteverett/.m2/repository/org/parboiled/parboiled-core/1.1.7/parboiled-core-1.1.7.jar
2017-05-07 05:05:49.257+0000 INFO [o.n.k.i.DiagnosticsManager]  [classpath + loader.0] file:/Users/granteverett/.m2/repository/org/apache/maven/doxia/doxia-core/1.2/doxia-core-1.2.jar
2017-05-07 05:05:49.257+0000 INFO [o.n.k.i.DiagnosticsManager]  [classpath + loader.0] file:/Users/granteverett/IdeaProjects/BGNeo4j/src/main/java/lib/asm-5.2.jar
2017-05-07 05:05:49.257+0000 INFO [o.n.k.i.DiagnosticsManager]  [classpath + loader.0] file:/Users/granteverett/.m2/repository/org/codehaus/plexus/plexus-io/1.0.1/plexus-io-1.0.1.jar
2017-05-07 05:05:49.257+0000 INFO [o.n.k.i.DiagnosticsManager]  [classpath + loader.0] file:/Users/granteverett/IdeaProjects/BGNeo4j/src/main/java/lib/neo4j-csv-3.2.0-SNAPSHOT.jar
2017-05-07 05:05:49.257+0000 INFO [o.n.k.i.DiagnosticsManager]  [loader.1] file:/Library/Java/JavaVirtualMachines/jdk1.8.0_121.jdk/Contents/Home/jre/lib/ext/sunjce_provider.jar
2017-05-07 05:05:49.258+0000 INFO [o.n.k.i.DiagnosticsManager]  [classpath + loader.0] file:/Users/granteverett/.m2/repository/org/neo4j/neo4j-cypher-frontend-3.1/3.1.1/neo4j-cypher-frontend-3.1-3.1.1.jar
2017-05-07 05:05:49.258+0000 INFO [o.n.k.i.DiagnosticsManager]  [classpath + loader.0] file:/Users/granteverett/.m2/repository/org/sonatype/spice/model-builder/1.3/model-builder-1.3.jar
2017-05-07 05:05:49.258+0000 INFO [o.n.k.i.DiagnosticsManager]  [classpath + loader.0] file:/Users/granteverett/.m2/repository/org/sonatype/aether/aether-util/1.11/aether-util-1.11.jar
2017-05-07 05:05:49.258+0000 INFO [o.n.k.i.DiagnosticsManager]  [classpath + loader.0] file:/Users/granteverett/.m2/repository/org/neo4j/neo4j-collections/3.1.1/neo4j-collections-3.1.1.jar
2017-05-07 05:05:49.258+0000 INFO [o.n.k.i.DiagnosticsManager]  [classpath + loader.0] file:/Users/granteverett/.m2/repository/commons-logging/commons-logging/1.1.1/commons-logging-1.1.1.jar
2017-05-07 05:05:49.258+0000 INFO [o.n.k.i.DiagnosticsManager]  [classpath + loader.0] file:/Users/granteverett/.m2/repository/org/neo4j/neo4j-resource/3.1.1/neo4j-resource-3.1.1.jar
2017-05-07 05:05:49.258+0000 INFO [o.n.k.i.DiagnosticsManager]  [classpath + loader.0] file:/Users/granteverett/.m2/repository/org/parboiled/parboiled-scala_2.11/1.1.7/parboiled-scala_2.11-1.1.7.jar
2017-05-07 05:05:49.258+0000 INFO [o.n.k.i.DiagnosticsManager]  [classpath + loader.0] file:/Library/Java/JavaVirtualMachines/jdk1.8.0_121.jdk/Contents/Home/lib/packager.jar
2017-05-07 05:05:49.258+0000 INFO [o.n.k.i.DiagnosticsManager]  [classpath + loader.0] file:/Users/granteverett/.m2/repository/org/neo4j/3rdparty/javax/ws/rs/jsr311-api/1.1.2.r612/jsr311-api-1.1.2.r612.jar
2017-05-07 05:05:49.258+0000 INFO [o.n.k.i.DiagnosticsManager]  [classpath + loader.0] file:/Users/granteverett/.m2/repository/org/apache/maven/maven-repository-metadata/3.0.3/maven-repository-metadata-3.0.3.jar
2017-05-07 05:05:49.258+0000 INFO [o.n.k.i.DiagnosticsManager]  [classpath + loader.0] file:/Users/granteverett/IdeaProjects/BGNeo4j/src/main/java/lib/neo4j-consistency-check-3.2.0-SNAPSHOT.jar
2017-05-07 05:05:49.258+0000 INFO [o.n.k.i.DiagnosticsManager]  [classpath + loader.0] file:/Users/granteverett/.m2/repository/org/neo4j/neo4j-lucene-upgrade/3.1.1/neo4j-lucene-upgrade-3.1.1.jar
2017-05-07 05:05:49.258+0000 INFO [o.n.k.i.DiagnosticsManager]  [classpath + loader.0] file:/Users/granteverett/.m2/repository/org/apache/maven/doxia/doxia-sink-api/1.0/doxia-sink-api-1.0.jar
2017-05-07 05:05:49.258+0000 INFO [o.n.k.i.DiagnosticsManager]  [classpath + loader.0] file:/Users/granteverett/IdeaProjects/BGNeo4j/src/main/java/lib/neo4j-command-line-3.2.0-SNAPSHOT.jar
2017-05-07 05:05:49.258+0000 INFO [o.n.k.i.DiagnosticsManager]  [classpath + loader.0] file:/Users/granteverett/IdeaProjects/BGNeo4j/src/main/java/lib/neo4j-jmx-3.2.0-SNAPSHOT.jar
2017-05-07 05:05:49.258+0000 INFO [o.n.k.i.DiagnosticsManager]  [bootstrap + classpath + loader.0] file:/Library/Java/JavaVirtualMachines/jdk1.8.0_121.jdk/Contents/Home/jre/lib/jce.jar
2017-05-07 05:05:49.258+0000 INFO [o.n.k.i.DiagnosticsManager]  [classpath + loader.0] file:/Users/granteverett/IdeaProjects/BGNeo4j/src/main/java/lib/jline-2.12.jar
2017-05-07 05:05:49.259+0000 INFO [o.n.k.i.DiagnosticsManager]  [classpath + loader.0] file:/Users/granteverett/.m2/repository/org/codehaus/plexus/plexus-resources/1.0-alpha-7/plexus-resources-1.0-alpha-7.jar
2017-05-07 05:05:49.259+0000 INFO [o.n.k.i.DiagnosticsManager]  [classpath + loader.0] file:/Users/granteverett/IdeaProjects/BGNeo4j/src/main/java/lib/neo4j-cypher-ir-3.2-3.2.0-SNAPSHOT.jar
2017-05-07 05:05:49.259+0000 INFO [o.n.k.i.DiagnosticsManager]  [classpath + loader.0] file:/Users/granteverett/.m2/repository/org/apache/maven/maven-monitor/2.0.6/maven-monitor-2.0.6.jar
2017-05-07 05:05:49.259+0000 INFO [o.n.k.i.DiagnosticsManager]  [classpath + loader.0] file:/Library/Java/JavaVirtualMachines/jdk1.8.0_121.jdk/Contents/Home/lib/ant-javafx.jar
2017-05-07 05:05:49.259+0000 INFO [o.n.k.i.DiagnosticsManager]  [classpath + loader.0] file:/Users/granteverett/.m2/repository/org/neo4j/neo4j-common/3.1.1/neo4j-common-3.1.1.jar
2017-05-07 05:05:49.259+0000 INFO [o.n.k.i.DiagnosticsManager]  [classpath + loader.0] file:/Users/granteverett/.m2/repository/com/mycila/xmltool/xmltool/3.3/xmltool-3.3.jar
2017-05-07 05:05:49.259+0000 INFO [o.n.k.i.DiagnosticsManager]  [classpath + loader.0] file:/Users/granteverett/IdeaProjects/BGNeo4j/src/main/java/lib/neo4j-browser-2.0.0-M11.jar
2017-05-07 05:05:49.259+0000 INFO [o.n.k.i.DiagnosticsManager]  [loader.1] file:/Library/Java/JavaVirtualMachines/jdk1.8.0_121.jdk/Contents/Home/jre/lib/ext/nashorn.jar
2017-05-07 05:05:49.259+0000 INFO [o.n.k.i.DiagnosticsManager]  [classpath + loader.0] file:/Users/granteverett/.m2/repository/org/sonatype/sisu/sisu-guice/2.9.4/sisu-guice-2.9.4-no_aop.jar
2017-05-07 05:05:49.259+0000 INFO [o.n.k.i.DiagnosticsManager]  [classpath + loader.0] file:/Users/granteverett/.m2/repository/org/apache/lucene/lucene-backward-codecs/5.5.0/lucene-backward-codecs-5.5.0.jar
2017-05-07 05:05:49.259+0000 INFO [o.n.k.i.DiagnosticsManager]  [classpath + loader.0] file:/Users/granteverett/.m2/repository/org/codehaus/plexus/plexus-interpolation/1.14/plexus-interpolation-1.14.jar
2017-05-07 05:05:49.259+0000 INFO [o.n.k.i.DiagnosticsManager]  [classpath + loader.0] file:/Users/granteverett/.m2/repository/org/codehaus/woodstox/wstx-asl/3.2.6/wstx-asl-3.2.6.jar
2017-05-07 05:05:49.259+0000 INFO [o.n.k.i.DiagnosticsManager]  [loader.1] file:/Library/Java/JavaVirtualMachines/jdk1.8.0_121.jdk/Contents/Home/jre/lib/ext/zipfs.jar
2017-05-07 05:05:49.259+0000 INFO [o.n.k.i.DiagnosticsManager]  [classpath + loader.0] file:/Users/granteverett/.m2/repository/org/neo4j/neo4j-io/3.1.1/neo4j-io-3.1.1.jar
2017-05-07 05:05:49.259+0000 INFO [o.n.k.i.DiagnosticsManager]  [classpath + loader.0] file:/Users/granteverett/.m2/repository/org/apache/lucene/lucene-core/5.5.0/lucene-core-5.5.0.jar
2017-05-07 05:05:49.259+0000 INFO [o.n.k.i.DiagnosticsManager]  [loader.1] file:/Library/Java/JavaVirtualMachines/jdk1.8.0_121.jdk/Contents/Home/jre/lib/ext/sunec.jar
2017-05-07 05:05:49.259+0000 INFO [o.n.k.i.DiagnosticsManager]  [classpath + loader.0] file:/Users/granteverett/IdeaProjects/BGNeo4j/src/main/java/lib/lucene-queryparser-5.5.0.jar
2017-05-07 05:05:49.260+0000 INFO [o.n.k.i.DiagnosticsManager]  [loader.1] file:/System/Library/Java/Extensions/MRJToolkit.jar
2017-05-07 05:05:49.260+0000 INFO [o.n.k.i.DiagnosticsManager]  [classpath + loader.0] file:/Users/granteverett/IdeaProjects/BGNeo4j/src/main/java/lib/scala-library-2.11.8.jar
2017-05-07 05:05:49.260+0000 INFO [o.n.k.i.DiagnosticsManager]  [classpath + loader.0] file:/Users/granteverett/.m2/repository/org/scala-lang/scala-library/2.11.7/scala-library-2.11.7.jar
2017-05-07 05:05:49.260+0000 INFO [o.n.k.i.DiagnosticsManager]  [classpath + loader.0] file:/Users/granteverett/IdeaProjects/BGNeo4j/src/main/java/lib/parboiled-core-1.1.7.jar
2017-05-07 05:05:49.260+0000 INFO [o.n.k.i.DiagnosticsManager]  [classpath + loader.0] file:/Users/granteverett/.m2/repository/com/google/code/google-collections/google-collect/snapshot-20080530/google-collect-snapshot-20080530.jar
2017-05-07 05:05:49.260+0000 INFO [o.n.k.i.DiagnosticsManager]  [classpath + loader.0] file:/Users/granteverett/IdeaProjects/BGNeo4j/src/main/java/lib/jackson-mapper-asl-1.9.13.jar
2017-05-07 05:05:49.260+0000 INFO [o.n.k.i.DiagnosticsManager]  [classpath + loader.0] file:/Users/granteverett/IdeaProjects/BGNeo4j/src/main/java/lib/scala-reflect-2.11.8.jar
2017-05-07 05:05:49.260+0000 INFO [o.n.k.i.DiagnosticsManager]  [classpath + loader.0] file:/Users/granteverett/.m2/repository/org/neo4j/neo4j-kernel/3.1.1/neo4j-kernel-3.1.1.jar
2017-05-07 05:05:49.260+0000 INFO [o.n.k.i.DiagnosticsManager]  [classpath + loader.0] file:/Users/granteverett/IdeaProjects/BGNeo4j/src/main/java/lib/neo4j-server-3.2.0-SNAPSHOT.jar
2017-05-07 05:05:49.260+0000 INFO [o.n.k.i.DiagnosticsManager]  [classpath + loader.0] file:/Users/granteverett/.m2/repository/org/apache/maven/maven-artifact/3.0.3/maven-artifact-3.0.3.jar
2017-05-07 05:05:49.260+0000 INFO [o.n.k.i.DiagnosticsManager]  [classpath + loader.0] file:/Users/granteverett/.m2/repository/junit/junit/4.10/junit-4.10.jar
2017-05-07 05:05:49.260+0000 INFO [o.n.k.i.DiagnosticsManager]  [classpath + loader.0] file:/Users/granteverett/.m2/repository/org/apache/maven/doxia/doxia-module-xdoc/1.0/doxia-module-xdoc-1.0.jar
2017-05-07 05:05:49.260+0000 INFO [o.n.k.i.DiagnosticsManager]  [classpath + loader.0] file:/Users/granteverett/.m2/repository/org/apache/httpcomponents/httpclient/4.0.2/httpclient-4.0.2.jar
2017-05-07 05:05:49.260+0000 INFO [o.n.k.i.DiagnosticsManager]  [classpath + loader.0] file:/Users/granteverett/IdeaProjects/BGNeo4j/target/classes/
2017-05-07 05:05:49.260+0000 INFO [o.n.k.i.DiagnosticsManager]  [classpath + loader.0] file:/Users/granteverett/IdeaProjects/BGNeo4j/src/main/java/lib/jersey-core-1.19.jar
2017-05-07 05:05:49.260+0000 INFO [o.n.k.i.DiagnosticsManager]  [classpath + loader.0] file:/Users/granteverett/.m2/repository/org/sonatype/sisu/sisu-inject-plexus/2.1.1/sisu-inject-plexus-2.1.1.jar
2017-05-07 05:05:49.260+0000 INFO [o.n.k.i.DiagnosticsManager]  [classpath + loader.0] file:/Users/granteverett/IdeaProjects/BGNeo4j/src/main/java/lib/neo4j-cypher-compiler-3.1-3.1.1.jar
2017-05-07 05:05:49.260+0000 INFO [o.n.k.i.DiagnosticsManager]  [classpath + loader.0] file:/Users/granteverett/IdeaProjects/BGNeo4j/src/main/java/lib/jersey-server-1.19.jar
2017-05-07 05:05:49.260+0000 INFO [o.n.k.i.DiagnosticsManager]  [classpath + loader.0] file:/Users/granteverett/.m2/repository/org/codehaus/plexus/plexus-archiver/1.2/plexus-archiver-1.2.jar
2017-05-07 05:05:49.260+0000 INFO [o.n.k.i.DiagnosticsManager]  [classpath + loader.0] file:/Users/granteverett/.m2/repository/org/hamcrest/hamcrest-core/1.1/hamcrest-core-1.1.jar
2017-05-07 05:05:49.260+0000 INFO [o.n.k.i.DiagnosticsManager]  [loader.1] file:/Library/Java/JavaVirtualMachines/jdk1.8.0_121.jdk/Contents/Home/jre/lib/ext/cldrdata.jar
2017-05-07 05:05:49.262+0000 INFO [o.n.k.i.DiagnosticsManager]  [classpath + loader.0] file:/Users/granteverett/.m2/repository/org/sonatype/aether/aether-api/1.11/aether-api-1.11.jar
2017-05-07 05:05:49.262+0000 INFO [o.n.k.i.DiagnosticsManager]  [classpath + loader.0] file:/Users/granteverett/.m2/repository/org/apache/maven/maven-plugin-api/3.0.3/maven-plugin-api-3.0.3.jar
2017-05-07 05:05:49.262+0000 INFO [o.n.k.i.DiagnosticsManager]  [classpath] /Applications/IntelliJ IDEA.app/Contents/lib/idea_rt.jar
2017-05-07 05:05:49.262+0000 INFO [o.n.k.i.DiagnosticsManager]  [classpath + loader.0] file:/Library/Java/JavaVirtualMachines/jdk1.8.0_121.jdk/Contents/Home/lib/sa-jdi.jar
2017-05-07 05:05:49.262+0000 INFO [o.n.k.i.DiagnosticsManager]  [classpath + loader.0] file:/Users/granteverett/.m2/repository/org/sonatype/plexus/plexus-sec-dispatcher/1.3/plexus-sec-dispatcher-1.3.jar
2017-05-07 05:05:49.262+0000 INFO [o.n.k.i.DiagnosticsManager]  [classpath + loader.0] file:/Users/granteverett/.m2/repository/commons-collections/commons-collections/3.2/commons-collections-3.2.jar
2017-05-07 05:05:49.262+0000 INFO [o.n.k.i.DiagnosticsManager]  [classpath + loader.0] file:/Users/granteverett/.m2/repository/org/neo4j/neo4j-primitive-collections/3.1.1/neo4j-primitive-collections-3.1.1.jar
2017-05-07 05:05:49.263+0000 INFO [o.n.k.i.DiagnosticsManager]  [classpath + loader.0] file:/Users/granteverett/IdeaProjects/BGNeo4j/src/main/java/lib/jetty-util-9.2.9.v20150224.jar
2017-05-07 05:05:49.263+0000 INFO [o.n.k.i.DiagnosticsManager]  [classpath + loader.0] file:/Users/granteverett/.m2/repository/com/github/ben-manes/caffeine/caffeine/2.3.3/caffeine-2.3.3.jar
2017-05-07 05:05:49.263+0000 INFO [o.n.k.i.DiagnosticsManager]  [classpath + loader.0] file:/Users/granteverett/IdeaProjects/BGNeo4j/src/main/java/lib/neo4j-graphdb-api-3.2.0-SNAPSHOT.jar
2017-05-07 05:05:49.263+0000 INFO [o.n.k.i.DiagnosticsManager]  [classpath + loader.0] file:/Library/Java/JavaVirtualMachines/jdk1.8.0_121.jdk/Contents/Home/lib/dt.jar
2017-05-07 05:05:49.263+0000 INFO [o.n.k.i.DiagnosticsManager]  [classpath + loader.0] file:/Users/granteverett/IdeaProjects/BGNeo4j/src/main/java/lib/neo4j-cypher-frontend-2.3-2.3.9.jar
2017-05-07 05:05:49.263+0000 INFO [o.n.k.i.DiagnosticsManager]  [classpath + loader.0] file:/Users/granteverett/.m2/repository/org/apache/commons/commons-lang3/3.3.2/commons-lang3-3.3.2.jar
2017-05-07 05:05:49.263+0000 INFO [o.n.k.i.DiagnosticsManager]  [classpath + loader.0] file:/Users/granteverett/IdeaProjects/BGNeo4j/src/main/java/lib/neo4j-graph-algo-3.2.0-SNAPSHOT.jar
2017-05-07 05:05:49.263+0000 INFO [o.n.k.i.DiagnosticsManager]  [classpath + loader.0] file:/Users/granteverett/IdeaProjects/BGNeo4j/src/main/java/lib/bcpkix-jdk15on-1.53.jar
2017-05-07 05:05:49.263+0000 INFO [o.n.k.i.DiagnosticsManager]  [classpath + loader.0] file:/Users/granteverett/IdeaProjects/BGNeo4j/src/main/java/lib/jackson-jaxrs-1.9.13.jar
2017-05-07 05:05:49.263+0000 INFO [o.n.k.i.DiagnosticsManager]  [classpath + loader.0] file:/Users/granteverett/IdeaProjects/BGNeo4j/src/main/java/lib/commons-lang3-3.3.2.jar
2017-05-07 05:05:49.263+0000 INFO [o.n.k.i.DiagnosticsManager]  [classpath + loader.0] file:/Users/granteverett/IdeaProjects/BGNeo4j/src/main/java/lib/neo4j-cypher-3.2.0-SNAPSHOT.jar
2017-05-07 05:05:49.263+0000 INFO [o.n.k.i.DiagnosticsManager]  [classpath + loader.0] file:/Users/granteverett/IdeaProjects/BGNeo4j/src/main/java/lib/jsr311-api-1.1.2.r612.jar
2017-05-07 05:05:49.263+0000 INFO [o.n.k.i.DiagnosticsManager]  [classpath + loader.0] file:/Users/granteverett/IdeaProjects/BGNeo4j/src/main/java/lib/neo4j-index-3.2.0-SNAPSHOT.jar
2017-05-07 05:05:49.263+0000 INFO [o.n.k.i.DiagnosticsManager]  [bootstrap + classpath + loader.0] file:/Library/Java/JavaVirtualMachines/jdk1.8.0_121.jdk/Contents/Home/jre/lib/rt.jar
2017-05-07 05:05:49.263+0000 INFO [o.n.k.i.DiagnosticsManager]  [classpath + loader.0] file:/Users/granteverett/.m2/repository/org/neo4j/neo4j-graph-matching/3.1.1/neo4j-graph-matching-3.1.1.jar
2017-05-07 05:05:49.263+0000 INFO [o.n.k.i.DiagnosticsManager]  [classpath + loader.0] file:/Users/granteverett/.m2/repository/org/apache/maven/maven-core/3.0.3/maven-core-3.0.3.jar
2017-05-07 05:05:49.263+0000 INFO [o.n.k.i.DiagnosticsManager]  [classpath + loader.0] file:/Users/granteverett/.m2/repository/org/apache/maven/maven-settings-builder/3.0.3/maven-settings-builder-3.0.3.jar
2017-05-07 05:05:49.263+0000 INFO [o.n.k.i.DiagnosticsManager]  [loader.1] file:/Library/Java/JavaVirtualMachines/jdk1.8.0_121.jdk/Contents/Home/jre/lib/ext/jfxrt.jar
2017-05-07 05:05:49.263+0000 INFO [o.n.k.i.DiagnosticsManager]  [classpath + loader.0] file:/Users/granteverett/IdeaProjects/BGNeo4j/src/main/java/lib/jersey-servlet-1.19.jar
2017-05-07 05:05:49.263+0000 INFO [o.n.k.i.DiagnosticsManager]  [classpath + loader.0] file:/Users/granteverett/.m2/repository/org/apache/httpcomponents/httpcore/4.0.1/httpcore-4.0.1.jar
2017-05-07 05:05:49.263+0000 INFO [o.n.k.i.DiagnosticsManager]  [classpath + loader.0] file:/Users/granteverett/.m2/repository/org/neo4j/neo4j-cypher-compiler-2.3/2.3.9/neo4j-cypher-compiler-2.3-2.3.9.jar
2017-05-07 05:05:49.263+0000 INFO [o.n.k.i.DiagnosticsManager]  [classpath + loader.0] file:/Users/granteverett/IdeaProjects/BGNeo4j/src/main/java/lib/lucene-analyzers-common-5.5.0.jar
2017-05-07 05:05:49.263+0000 INFO [o.n.k.i.DiagnosticsManager]  [loader.1] file:/Library/Java/JavaVirtualMachines/jdk1.8.0_121.jdk/Contents/Home/jre/lib/ext/localedata.jar
2017-05-07 05:05:49.263+0000 INFO [o.n.k.i.DiagnosticsManager]  [classpath + loader.0] file:/Users/granteverett/IdeaProjects/BGNeo4j/src/main/java/lib/lucene-codecs-5.5.0.jar
2017-05-07 05:05:49.263+0000 INFO [o.n.k.i.DiagnosticsManager]  [classpath + loader.0] file:/Users/granteverett/IdeaProjects/BGNeo4j/src/main/java/lib/concurrentlinkedhashmap-lru-1.4.2.jar
2017-05-07 05:05:49.264+0000 INFO [o.n.k.i.DiagnosticsManager]  [classpath + loader.0] file:/Users/granteverett/.m2/repository/org/neo4j/neo4j-cypher-frontend-2.3/2.3.9/neo4j-cypher-frontend-2.3-2.3.9.jar
2017-05-07 05:05:49.264+0000 INFO [o.n.k.i.DiagnosticsManager]  [classpath + loader.0] file:/Users/granteverett/IdeaProjects/BGNeo4j/src/main/java/lib/neo4j-security-3.2.0-SNAPSHOT.jar
2017-05-07 05:05:49.264+0000 INFO [o.n.k.i.DiagnosticsManager]  [classpath + loader.0] file:/Users/granteverett/IdeaProjects/BGNeo4j/src/main/java/lib/jetty-xml-9.2.9.v20150224.jar
2017-05-07 05:05:49.264+0000 INFO [o.n.k.i.DiagnosticsManager]  [classpath + loader.0] file:/Users/granteverett/.m2/repository/org/neo4j/neo4j-graphdb-api/3.1.1/neo4j-graphdb-api-3.1.1.jar
2017-05-07 05:05:49.264+0000 INFO [o.n.k.i.DiagnosticsManager]  [classpath + loader.0] file:/Users/granteverett/IdeaProjects/BGNeo4j/src/main/java/lib/neo4j-codegen-3.2.0-SNAPSHOT.jar
2017-05-07 05:05:49.264+0000 INFO [o.n.k.i.DiagnosticsManager]  [classpath + loader.0] file:/Library/Java/JavaVirtualMachines/jdk1.8.0_121.jdk/Contents/Home/jre/lib/plugin.jar
2017-05-07 05:05:49.264+0000 INFO [o.n.k.i.DiagnosticsManager]  [classpath + loader.0] file:/Users/granteverett/IdeaProjects/BGNeo4j/src/main/java/lib/neo4j-io-3.2.0-SNAPSHOT.jar
2017-05-07 05:05:49.264+0000 INFO [o.n.k.i.DiagnosticsManager]  [classpath + loader.0] file:/Users/granteverett/.m2/repository/log4j/log4j/1.2.12/log4j-1.2.12.jar
2017-05-07 05:05:49.264+0000 INFO [o.n.k.i.DiagnosticsManager]  [classpath + loader.0] file:/Users/granteverett/.m2/repository/org/neo4j/build/plugins/docs-maven-plugin/5/docs-maven-plugin-5.jar
2017-05-07 05:05:49.264+0000 INFO [o.n.k.i.DiagnosticsManager]  [classpath + loader.0] file:/Users/granteverett/.m2/repository/org/apache/maven/maven-settings/3.0.3/maven-settings-3.0.3.jar
2017-05-07 05:05:49.264+0000 INFO [o.n.k.i.DiagnosticsManager]  [classpath + loader.0] file:/Users/granteverett/.m2/repository/org/apache/velocity/velocity/1.5/velocity-1.5.jar
2017-05-07 05:05:49.264+0000 INFO [o.n.k.i.DiagnosticsManager]  [classpath + loader.0] file:/Users/granteverett/.m2/repository/xml-apis/xml-apis/1.3.04/xml-apis-1.3.04.jar
2017-05-07 05:05:49.264+0000 INFO [o.n.k.i.DiagnosticsManager]  [classpath + loader.0] file:/Users/granteverett/.m2/repository/org/sonatype/aether/aether-spi/1.11/aether-spi-1.11.jar
2017-05-07 05:05:49.264+0000 INFO [o.n.k.i.DiagnosticsManager]  [classpath + loader.0] file:/Users/granteverett/.m2/repository/org/apache/maven/doxia/doxia-site-renderer/1.0/doxia-site-renderer-1.0.jar
2017-05-07 05:05:49.264+0000 INFO [o.n.k.i.DiagnosticsManager]  [classpath + loader.0] file:/Users/granteverett/.m2/repository/org/sonatype/aether/aether-impl/1.11/aether-impl-1.11.jar
2017-05-07 05:05:49.264+0000 INFO [o.n.k.i.DiagnosticsManager]  [classpath + loader.0] file:/Users/granteverett/IdeaProjects/BGNeo4j/src/main/java/lib/opencsv-2.3.jar
2017-05-07 05:05:49.264+0000 INFO [o.n.k.i.DiagnosticsManager]  [classpath + loader.0] file:/Users/granteverett/IdeaProjects/BGNeo4j/src/main/java/lib/commons-compress-1.12.jar
2017-05-07 05:05:49.265+0000 INFO [o.n.k.i.DiagnosticsManager]  [classpath + loader.0] file:/Users/granteverett/.m2/repository/org/neo4j/driver/neo4j-java-driver/1.1.0-M06/neo4j-java-driver-1.1.0-M06.jar
2017-05-07 05:05:49.265+0000 INFO [o.n.k.i.DiagnosticsManager]  [classpath + loader.0] file:/Users/granteverett/.m2/repository/org/neo4j/neo4j-unsafe/3.1.1/neo4j-unsafe-3.1.1.jar
2017-05-07 05:05:49.265+0000 INFO [o.n.k.i.DiagnosticsManager]  [classpath + loader.0] file:/Users/granteverett/.m2/repository/org/codehaus/plexus/plexus-i18n/1.0-beta-6/plexus-i18n-1.0-beta-6.jar
2017-05-07 05:05:49.265+0000 INFO [o.n.k.i.DiagnosticsManager]  [classpath + loader.0] file:/Users/granteverett/.m2/repository/org/neo4j/build/plugins/clirr-maven-plugin/1.0.1/clirr-maven-plugin-1.0.1.jar
2017-05-07 05:05:49.265+0000 INFO [o.n.k.i.DiagnosticsManager]  [classpath + loader.0] file:/Users/granteverett/.m2/repository/org/apache/maven/maven-aether-provider/3.0.3/maven-aether-provider-3.0.3.jar
2017-05-07 05:05:49.265+0000 INFO [o.n.k.i.DiagnosticsManager]  [classpath + loader.0] file:/Users/granteverett/.m2/repository/org/apache/maven/maven-project/3.0-alpha-2/maven-project-3.0-alpha-2.jar
2017-05-07 05:05:49.265+0000 INFO [o.n.k.i.DiagnosticsManager]  [classpath + loader.0] file:/Library/Java/JavaVirtualMachines/jdk1.8.0_121.jdk/Contents/Home/jre/lib/javaws.jar
2017-05-07 05:05:49.265+0000 INFO [o.n.k.i.DiagnosticsManager]  [classpath + loader.0] file:/Users/granteverett/IdeaProjects/BGNeo4j/src/main/java/lib/neo4j-configuration-3.2.0-SNAPSHOT.jar
2017-05-07 05:05:49.265+0000 INFO [o.n.k.i.DiagnosticsManager]  [classpath + loader.0] file:/Users/granteverett/.m2/repository/org/sonatype/plexus/plexus-build-api/0.0.4/plexus-build-api-0.0.4.jar
2017-05-07 05:05:49.265+0000 INFO [o.n.k.i.DiagnosticsManager]  [classpath + loader.0] file:/Users/granteverett/.m2/repository/org/neo4j/maven/skins/default-skin/4/default-skin-4.jar
2017-05-07 05:05:49.265+0000 INFO [o.n.k.i.DiagnosticsManager]  [classpath + loader.0] file:/Users/granteverett/.m2/repository/com/google/code/findbugs/bcel-findbugs/6.0/bcel-findbugs-6.0.jar
2017-05-07 05:05:49.265+0000 INFO [o.n.k.i.DiagnosticsManager]  [classpath + loader.0] file:/Users/granteverett/IdeaProjects/BGNeo4j/src/main/java/lib/jackson-core-asl-1.9.13.jar
2017-05-07 05:05:49.265+0000 INFO [o.n.k.i.DiagnosticsManager]  [classpath + loader.0] file:/Users/granteverett/IdeaProjects/BGNeo4j/src/main/java/lib/jetty-http-9.2.9.v20150224.jar
2017-05-07 05:05:49.265+0000 INFO [o.n.k.i.DiagnosticsManager]  [classpath + loader.0] file:/Users/granteverett/.m2/repository/commons-lang/commons-lang/2.6/commons-lang-2.6.jar
2017-05-07 05:05:49.265+0000 INFO [o.n.k.i.DiagnosticsManager]  [classpath + loader.0] file:/Users/granteverett/IdeaProjects/BGNeo4j/src/main/java/lib/neo4j-logging-3.2.0-SNAPSHOT.jar
2017-05-07 05:05:49.265+0000 INFO [o.n.k.i.DiagnosticsManager]  [classpath + loader.0] file:/Users/granteverett/.m2/repository/org/codehaus/plexus/plexus-classworlds/2.4/plexus-classworlds-2.4.jar
2017-05-07 05:05:49.265+0000 INFO [o.n.k.i.DiagnosticsManager]  [classpath + loader.0] file:/Users/granteverett/.m2/repository/org/neo4j/build/plugins/license-maven-plugin/3/license-maven-plugin-3.jar
2017-05-07 05:05:49.265+0000 INFO [o.n.k.i.DiagnosticsManager]  [classpath + loader.0] file:/Users/granteverett/IdeaProjects/BGNeo4j/src/main/java/lib/neo4j-dbms-3.2.0-SNAPSHOT.jar
2017-05-07 05:05:49.265+0000 INFO [o.n.k.i.DiagnosticsManager]  [classpath + loader.0] file:/Users/granteverett/IdeaProjects/BGNeo4j/src/main/java/lib/neo4j-bolt-3.2.0-SNAPSHOT.jar
2017-05-07 05:05:49.265+0000 INFO [o.n.k.i.DiagnosticsManager]  [classpath + loader.0] file:/Users/granteverett/IdeaProjects/BGNeo4j/src/main/java/lib/neo4j-primitive-collections-3.2.0-SNAPSHOT.jar
2017-05-07 05:05:49.265+0000 INFO [o.n.k.i.DiagnosticsManager]  [loader.1] file:/Library/Java/JavaVirtualMachines/jdk1.8.0_121.jdk/Contents/Home/jre/lib/ext/dnsns.jar
2017-05-07 05:05:49.265+0000 INFO [o.n.k.i.DiagnosticsManager]  [classpath + loader.0] file:/Users/granteverett/.m2/repository/commons-codec/commons-codec/1.3/commons-codec-1.3.jar
2017-05-07 05:05:49.265+0000 INFO [o.n.k.i.DiagnosticsManager]  [classpath + loader.0] file:/Users/granteverett/.m2/repository/org/codehaus/plexus/plexus-container-default/1.0-beta-3.0.5/plexus-container-default-1.0-beta-3.0.5.jar
2017-05-07 05:05:49.265+0000 INFO [o.n.k.i.DiagnosticsManager]  [classpath + loader.0] file:/Users/granteverett/IdeaProjects/BGNeo4j/src/main/java/lib/netty-all-4.1.8.Final.jar
2017-05-07 05:05:49.265+0000 INFO [o.n.k.i.DiagnosticsManager]  [classpath + loader.0] file:/Users/granteverett/IdeaProjects/BGNeo4j/src/main/java/lib/jetty-security-9.2.9.v20150224.jar
2017-05-07 05:05:49.265+0000 INFO [o.n.k.i.DiagnosticsManager]  [loader.1] file:/Library/Java/JavaVirtualMachines/jdk1.8.0_121.jdk/Contents/Home/jre/lib/ext/sunpkcs11.jar
2017-05-07 05:05:49.266+0000 INFO [o.n.k.i.DiagnosticsManager]  [classpath + loader.0] file:/Users/granteverett/.m2/repository/org/neo4j/build/plugins/licensing-maven-plugin/1.7.5/licensing-maven-plugin-1.7.5.jar
2017-05-07 05:05:49.266+0000 INFO [o.n.k.i.DiagnosticsManager]  [classpath + loader.0] file:/Users/granteverett/.m2/repository/org/apache/maven/doxia/doxia-module-fml/1.0/doxia-module-fml-1.0.jar
2017-05-07 05:05:49.266+0000 INFO [o.n.k.i.DiagnosticsManager]  [classpath + loader.0] file:/Users/granteverett/.m2/repository/org/apache/maven/doxia/doxia-module-xhtml/1.0/doxia-module-xhtml-1.0.jar
2017-05-07 05:05:49.266+0000 INFO [o.n.k.i.DiagnosticsManager]  [classpath + loader.0] file:/Users/granteverett/IdeaProjects/BGNeo4j/src/main/java/lib/neo4j-kernel-3.2.0-SNAPSHOT.jar
2017-05-07 05:05:49.266+0000 INFO [o.n.k.i.DiagnosticsManager]  [classpath + loader.0] file:/Users/granteverett/.m2/repository/xerces/xercesImpl/2.9.1/xercesImpl-2.9.1.jar
2017-05-07 05:05:49.266+0000 INFO [o.n.k.i.DiagnosticsManager]  [classpath + loader.0] file:/Library/Java/JavaVirtualMachines/jdk1.8.0_121.jdk/Contents/Home/lib/tools.jar
2017-05-07 05:05:49.267+0000 INFO [o.n.k.i.DiagnosticsManager]  [classpath + loader.0] file:/Users/granteverett/IdeaProjects/BGNeo4j/src/main/java/lib/neo4j-resource-3.2.0-SNAPSHOT.jar
2017-05-07 05:05:49.267+0000 INFO [o.n.k.i.DiagnosticsManager]  [classpath + loader.0] file:/Users/granteverett/IdeaProjects/BGNeo4j/src/main/java/lib/neo4j-lucene-upgrade-3.2.0-SNAPSHOT.jar
2017-05-07 05:05:49.267+0000 INFO [o.n.k.i.DiagnosticsManager]  [classpath + loader.0] file:/Users/granteverett/IdeaProjects/BGNeo4j/src/main/java/lib/neo4j-cypher-compiler-3.2-3.2.0-SNAPSHOT.jar
2017-05-07 05:05:49.267+0000 INFO [o.n.k.i.DiagnosticsManager]  [classpath + loader.0] file:/Users/granteverett/.m2/repository/org/neo4j/neo4j-logging/3.1.1/neo4j-logging-3.1.1.jar
2017-05-07 05:05:49.267+0000 INFO [o.n.k.i.DiagnosticsManager]  [classpath + loader.0] file:/Users/granteverett/.m2/repository/org/codehaus/plexus/plexus-velocity/1.1.7/plexus-velocity-1.1.7.jar
2017-05-07 05:05:49.267+0000 INFO [o.n.k.i.DiagnosticsManager]  [classpath + loader.0] file:/Users/granteverett/.m2/repository/org/apache/maven/maven-model/3.0.3/maven-model-3.0.3.jar
2017-05-07 05:05:49.267+0000 INFO [o.n.k.i.DiagnosticsManager]  [bootstrap + classpath + loader.0] file:/Library/Java/JavaVirtualMachines/jdk1.8.0_121.jdk/Contents/Home/jre/lib/resources.jar
2017-05-07 05:05:49.267+0000 INFO [o.n.k.i.DiagnosticsManager]  [classpath + loader.0] file:/Users/granteverett/.m2/repository/org/neo4j/neo4j-csv/3.1.1/neo4j-csv-3.1.1.jar
2017-05-07 05:05:49.267+0000 INFO [o.n.k.i.DiagnosticsManager]  [classpath + loader.0] file:/Users/granteverett/.m2/repository/xpp3/xpp3_min/1.1.4c/xpp3_min-1.1.4c.jar
2017-05-07 05:05:49.267+0000 INFO [o.n.k.i.DiagnosticsManager]  [classpath + loader.0] file:/Users/granteverett/IdeaProjects/BGNeo4j/src/main/java/lib/commons-digester-2.1.jar
2017-05-07 05:05:49.267+0000 INFO [o.n.k.i.DiagnosticsManager]  [classpath + loader.0] file:/Users/granteverett/IdeaProjects/BGNeo4j/src/main/java/lib/parboiled-scala_2.11-1.1.7.jar
2017-05-07 05:05:49.267+0000 INFO [o.n.k.i.DiagnosticsManager]  [classpath + loader.0] file:/Users/granteverett/.m2/repository/org/neo4j/build/licensecheck-config/3.2.0-SNAPSHOT/licensecheck-config-3.2.0-SNAPSHOT.jar
2017-05-07 05:05:49.267+0000 INFO [o.n.k.i.DiagnosticsManager]  [classpath + loader.0] file:/Users/granteverett/IdeaProjects/BGNeo4j/src/main/java/lib/neo4j-collections-3.2.0-SNAPSHOT.jar
2017-05-07 05:05:49.267+0000 INFO [o.n.k.i.DiagnosticsManager]  [bootstrap + classpath + loader.0] file:/Library/Java/JavaVirtualMachines/jdk1.8.0_121.jdk/Contents/Home/jre/lib/jsse.jar
2017-05-07 05:05:49.267+0000 INFO [o.n.k.i.DiagnosticsManager]  [classpath + loader.0] file:/Users/granteverett/.m2/repository/org/scala-lang/scala-reflect/2.11.7/scala-reflect-2.11.7.jar
2017-05-07 05:05:49.267+0000 INFO [o.n.k.i.DiagnosticsManager]  [classpath + loader.0] file:/Users/granteverett/IdeaProjects/BGNeo4j/src/main/java/lib/rhino-1.7R4.jar
2017-05-07 05:05:49.267+0000 INFO [o.n.k.i.DiagnosticsManager]  [classpath + loader.0] file:/Users/granteverett/IdeaProjects/BGNeo4j/src/main/java/lib/jetty-server-9.2.9.v20150224.jar
2017-05-07 05:05:49.267+0000 INFO [o.n.k.i.DiagnosticsManager]  [bootstrap] /Library/Java/JavaVirtualMachines/jdk1.8.0_121.jdk/Contents/Home/jre/lib/sunrsasign.jar
2017-05-07 05:05:49.268+0000 INFO [o.n.k.i.DiagnosticsManager]  [classpath + loader.0] file:/Library/Java/JavaVirtualMachines/jdk1.8.0_121.jdk/Contents/Home/jre/lib/management-agent.jar
2017-05-07 05:05:49.268+0000 INFO [o.n.k.i.DiagnosticsManager]  [classpath + loader.0] file:/Users/granteverett/.m2/repository/org/sonatype/plexus/plexus-cipher/1.4/plexus-cipher-1.4.jar
2017-05-07 05:05:49.268+0000 INFO [o.n.k.i.DiagnosticsManager]  [classpath + loader.0] file:/Users/granteverett/IdeaProjects/BGNeo4j/src/main/java/lib/commons-io-2.4.jar
2017-05-07 05:05:49.268+0000 INFO [o.n.k.i.DiagnosticsManager]  [classpath + loader.0] file:/Users/granteverett/.m2/repository/xmlpull/xmlpull/1.1.3.1/xmlpull-1.1.3.1.jar
2017-05-07 05:05:49.268+0000 INFO [o.n.k.i.DiagnosticsManager]  [classpath + loader.0] file:/Users/granteverett/.m2/repository/org/codehaus/plexus/plexus-component-annotations/1.5.5/plexus-component-annotations-1.5.5.jar
2017-05-07 05:05:49.268+0000 INFO [o.n.k.i.DiagnosticsManager]  [classpath + loader.0] file:/Users/granteverett/IdeaProjects/BGNeo4j/src/main/java/lib/neo4j-shell-3.2.0-SNAPSHOT.jar
2017-05-07 05:05:49.268+0000 INFO [o.n.k.i.DiagnosticsManager]  [classpath + loader.0] file:/Users/granteverett/.m2/repository/stax/stax-api/1.0.1/stax-api-1.0.1.jar
2017-05-07 05:05:49.268+0000 INFO [o.n.k.i.DiagnosticsManager]  [classpath + loader.0] file:/Users/granteverett/IdeaProjects/BGNeo4j/src/main/java/lib/commons-configuration-1.10.jar
2017-05-07 05:05:49.268+0000 INFO [o.n.k.i.DiagnosticsManager]  [classpath + loader.0] file:/Users/granteverett/.m2/repository/org/apache/maven/wagon/wagon-provider-api/1.0-beta-4/wagon-provider-api-1.0-beta-4.jar
2017-05-07 05:05:49.268+0000 INFO [o.n.k.i.DiagnosticsManager]  [classpath + loader.0] file:/Library/Java/JavaVirtualMachines/jdk1.8.0_121.jdk/Contents/Home/lib/jconsole.jar
2017-05-07 05:05:49.268+0000 INFO [o.n.k.i.DiagnosticsManager]  [classpath + loader.0] file:/Users/granteverett/IdeaProjects/BGNeo4j/src/main/java/lib/caffeine-2.3.3.jar
2017-05-07 05:05:49.268+0000 INFO [o.n.k.i.DiagnosticsManager]  [classpath + loader.0] file:/Users/granteverett/.m2/repository/commons-logging/commons-logging-api/1.1/commons-logging-api-1.1.jar
2017-05-07 05:05:49.268+0000 INFO [o.n.k.i.DiagnosticsManager]  [classpath + loader.0] file:/Library/Java/JavaVirtualMachines/jdk1.8.0_121.jdk/Contents/Home/jre/lib/deploy.jar
2017-05-07 05:05:49.268+0000 INFO [o.n.k.i.DiagnosticsManager]  [classpath + loader.0] file:/Users/granteverett/IdeaProjects/BGNeo4j/src/main/java/lib/jetty-webapp-9.2.9.v20150224.jar
2017-05-07 05:05:49.268+0000 INFO [o.n.k.i.DiagnosticsManager]  [classpath + loader.0] file:/Users/granteverett/.m2/repository/org/apache/maven/reporting/maven-reporting-api/2.0.6/maven-reporting-api-2.0.6.jar
2017-05-07 05:05:49.268+0000 INFO [o.n.k.i.DiagnosticsManager]  [classpath + loader.0] file:/Users/granteverett/.m2/repository/org/apache/maven/doxia/doxia-logging-api/1.2/doxia-logging-api-1.2.jar
2017-05-07 05:05:49.268+0000 INFO [o.n.k.i.DiagnosticsManager]  [classpath + loader.0] file:/Users/granteverett/.m2/repository/org/apache/maven/doxia/doxia-module-apt/1.0/doxia-module-apt-1.0.jar
2017-05-07 05:05:49.268+0000 INFO [o.n.k.i.DiagnosticsManager]  [classpath + loader.0] file:/Users/granteverett/IdeaProjects/BGNeo4j/src/main/java/lib/commons-beanutils-1.8.3.jar
2017-05-07 05:05:49.268+0000 INFO [o.n.k.i.DiagnosticsManager]  [classpath + loader.0] file:/Users/granteverett/IdeaProjects/BGNeo4j/src/main/java/lib/neo4j-common-3.2.0-SNAPSHOT.jar
2017-05-07 05:05:49.268+0000 INFO [o.n.k.i.DiagnosticsManager] Library path:
2017-05-07 05:05:49.268+0000 INFO [o.n.k.i.DiagnosticsManager] /Users/granteverett/Library/Java/Extensions
2017-05-07 05:05:49.269+0000 INFO [o.n.k.i.DiagnosticsManager] /Library/Java/Extensions
2017-05-07 05:05:49.269+0000 INFO [o.n.k.i.DiagnosticsManager] /Network/Library/Java/Extensions
2017-05-07 05:05:49.269+0000 INFO [o.n.k.i.DiagnosticsManager] /System/Library/Java/Extensions
2017-05-07 05:05:49.269+0000 INFO [o.n.k.i.DiagnosticsManager] /usr/lib/java
2017-05-07 05:05:49.269+0000 INFO [o.n.k.i.DiagnosticsManager] /Users/granteverett/IdeaProjects/BGNeo4j
2017-05-07 05:05:49.269+0000 INFO [o.n.k.i.DiagnosticsManager] System.properties:
2017-05-07 05:05:49.269+0000 INFO [o.n.k.i.DiagnosticsManager] sun.boot.library.path = /Library/Java/JavaVirtualMachines/jdk1.8.0_121.jdk/Contents/Home/jre/lib
2017-05-07 05:05:49.269+0000 INFO [o.n.k.i.DiagnosticsManager] gopherProxySet = false
2017-05-07 05:05:49.269+0000 INFO [o.n.k.i.DiagnosticsManager] path.separator = :
2017-05-07 05:05:49.269+0000 INFO [o.n.k.i.DiagnosticsManager] file.encoding.pkg = sun.io
2017-05-07 05:05:49.269+0000 INFO [o.n.k.i.DiagnosticsManager] user.country = US
2017-05-07 05:05:49.269+0000 INFO [o.n.k.i.DiagnosticsManager] sun.java.launcher = SUN_STANDARD
2017-05-07 05:05:49.270+0000 INFO [o.n.k.i.DiagnosticsManager] sun.os.patch.level = unknown
2017-05-07 05:05:49.270+0000 INFO [o.n.k.i.DiagnosticsManager] user.dir = /Users/granteverett/IdeaProjects/BGNeo4j
2017-05-07 05:05:49.270+0000 INFO [o.n.k.i.DiagnosticsManager] sun.jnu.encoding = UTF-8
2017-05-07 05:05:49.270+0000 INFO [o.n.k.i.DiagnosticsManager] sun.management.compiler = HotSpot 64-Bit Tiered Compilers
2017-05-07 05:05:49.270+0000 INFO [o.n.k.i.DiagnosticsManager] http.nonProxyHosts = local|*.local|169.254/16|*.169.254/16
2017-05-07 05:05:49.270+0000 INFO [o.n.k.i.DiagnosticsManager] user.home = /Users/granteverett
2017-05-07 05:05:49.270+0000 INFO [o.n.k.i.DiagnosticsManager] user.timezone = America/Chicago
2017-05-07 05:05:49.270+0000 INFO [o.n.k.i.DiagnosticsManager] file.encoding = UTF-8
2017-05-07 05:05:49.270+0000 INFO [o.n.k.i.DiagnosticsManager] user.name = granteverett
2017-05-07 05:05:49.270+0000 INFO [o.n.k.i.DiagnosticsManager] sun.java.command = Main
2017-05-07 05:05:49.270+0000 INFO [o.n.k.i.DiagnosticsManager] sun.arch.data.model = 64
2017-05-07 05:05:49.270+0000 INFO [o.n.k.i.DiagnosticsManager] user.language = en
2017-05-07 05:05:49.270+0000 INFO [o.n.k.i.DiagnosticsManager] awt.toolkit = sun.lwawt.macosx.LWCToolkit
2017-05-07 05:05:49.270+0000 INFO [o.n.k.i.DiagnosticsManager] file.separator = /
2017-05-07 05:05:49.270+0000 INFO [o.n.k.i.DiagnosticsManager] sun.io.unicode.encoding = UnicodeBig
2017-05-07 05:05:49.270+0000 INFO [o.n.k.i.DiagnosticsManager] sun.cpu.endian = little
2017-05-07 05:05:49.272+0000 INFO [o.n.k.i.DiagnosticsManager] socksNonProxyHosts = local|*.local|169.254/16|*.169.254/16
2017-05-07 05:05:49.272+0000 INFO [o.n.k.i.DiagnosticsManager] ftp.nonProxyHosts = local|*.local|169.254/16|*.169.254/16
2017-05-07 05:05:49.272+0000 INFO [o.n.k.i.DiagnosticsManager] sun.cpu.isalist = 
2017-05-07 05:05:49.272+0000 INFO [o.n.k.i.DiagnosticsManager] Network information:
2017-05-07 05:05:49.273+0000 INFO [o.n.k.i.DiagnosticsManager] Interface utun0:
2017-05-07 05:05:49.273+0000 INFO [o.n.k.i.DiagnosticsManager]     address: fe80:0:0:0:edf6:d4a8:59e6:ce2b%utun0
2017-05-07 05:05:49.274+0000 INFO [o.n.k.i.DiagnosticsManager] Interface awdl0:
2017-05-07 05:05:49.274+0000 INFO [o.n.k.i.DiagnosticsManager]     address: fe80:0:0:0:70ec:a8ff:fe79:d998%awdl0
2017-05-07 05:05:49.274+0000 INFO [o.n.k.i.DiagnosticsManager] Interface utun1:
2017-05-07 05:05:49.274+0000 INFO [o.n.k.i.DiagnosticsManager]     address: fe80:0:0:0:8d9a:36ec:4783:9522%utun1
2017-05-07 05:05:49.274+0000 INFO [o.n.k.i.DiagnosticsManager]     address: fe80:0:0:0:a299:9bff:fe06:a0e7%utun1
2017-05-07 05:05:49.274+0000 INFO [o.n.k.i.DiagnosticsManager]     address: 130.126.152.79
2017-05-07 05:05:49.274+0000 INFO [o.n.k.i.DiagnosticsManager] Interface en0:
2017-05-07 05:05:49.274+0000 INFO [o.n.k.i.DiagnosticsManager]     address: fe80:0:0:0:14ac:1dfb:6dc4:9cc5%en0
2017-05-07 05:05:49.274+0000 INFO [o.n.k.i.DiagnosticsManager]     address: 192.168.1.161
2017-05-07 05:05:49.274+0000 INFO [o.n.k.i.DiagnosticsManager] Interface lo0:
2017-05-07 05:05:49.274+0000 INFO [o.n.k.i.DiagnosticsManager]     address: fe80:0:0:0:0:0:0:1%lo0
2017-05-07 05:05:49.274+0000 INFO [o.n.k.i.DiagnosticsManager]     address: 0:0:0:0:0:0:0:1
2017-05-07 05:05:49.274+0000 INFO [o.n.k.i.DiagnosticsManager]     address: 127.0.0.1
2017-05-07 05:05:49.275+0000 INFO [o.n.k.i.DiagnosticsManager] --- INITIALIZED diagnostics END ---
2017-05-07 05:05:49.615+0000 INFO [o.n.k.i.s.f.RecordFormatSelector] Selected format 'RecordFormat:StandardV3_0[v0.A.7]' for the new store
2017-05-07 05:05:50.025+0000 INFO [o.n.k.i.i.l.NativeLabelScanStore] No scan store found, this might just be first use. Preparing to rebuild.
2017-05-07 05:05:50.049+0000 INFO [o.n.k.NeoStoreDataSource] Opened logical log [/Users/granteverett/IdeaProjects/BGNeo4j/BGNeo4j/databases/attempt2/neostore.transaction.db.0] version=0, lastTxId=1 (clean)
2017-05-07 05:05:50.074+0000 INFO [o.n.k.NeoStoreDataSource] No commits found after last check point (which is at <no log position given>)
2017-05-07 05:05:50.080+0000 WARN [o.n.k.i.s.MetaDataStore] Missing counts store, rebuilding it.
2017-05-07 05:05:50.162+0000 INFO [o.n.k.i.i.l.NativeLabelScanStore] Rebuilding scan store, this may take a while
2017-05-07 05:05:50.174+0000 INFO [o.n.k.i.i.l.NativeLabelScanStore] Scan store rebuilt (roughly 0 nodes)
2017-05-07 05:05:50.177+0000 INFO [o.n.k.i.DatabaseHealth] Database health set to OK
2017-05-07 05:05:50.699+0000 INFO [o.n.k.AvailabilityGuard] Fulfilling of requirement makes database available: Database available
2017-05-07 05:05:50.699+0000 INFO [o.n.k.i.f.GraphDatabaseFacadeFactory] Database is now ready
2017-05-07 05:05:50.701+0000 INFO [o.n.k.i.DiagnosticsManager] --- STARTED diagnostics for KernelDiagnostics:Versions START ---
2017-05-07 05:05:50.701+0000 INFO [o.n.k.i.DiagnosticsManager] Graph Database: community single StoreId{creationTime=1494133549857, randomId=9030869695520720018, storeVersion=15531981201765894, upgradeTime=1494133549857, upgradeId=1}
2017-05-07 05:05:50.701+0000 INFO [o.n.k.i.DiagnosticsManager] Kernel version: 3.2.0-SNAPSHOT,unknown-commit
2017-05-07 05:05:50.701+0000 INFO [o.n.k.i.DiagnosticsManager] --- STARTED diagnostics for KernelDiagnostics:Versions END ---
2017-05-07 05:05:50.704+0000 INFO [o.n.k.i.DiagnosticsManager] --- STARTED diagnostics for NEO_STORE_VERSIONS START ---
2017-05-07 05:05:50.704+0000 INFO [o.n.k.i.DiagnosticsManager] Store versions:
2017-05-07 05:05:50.704+0000 INFO [o.n.k.i.DiagnosticsManager] Store versions:
2017-05-07 05:05:50.704+0000 INFO [o.n.k.i.DiagnosticsManager]   ArrayPropertyStore v0.A.7
2017-05-07 05:05:50.705+0000 INFO [o.n.k.i.DiagnosticsManager]   NodeStore v0.A.7
2017-05-07 05:05:50.705+0000 INFO [o.n.k.i.DiagnosticsManager]   StringPropertyStore v0.A.7
2017-05-07 05:05:50.705+0000 INFO [o.n.k.i.DiagnosticsManager]   PropertyIndexStore v0.A.7
2017-05-07 05:05:50.705+0000 INFO [o.n.k.i.DiagnosticsManager]   StringPropertyStore v0.A.7
2017-05-07 05:05:50.705+0000 INFO [o.n.k.i.DiagnosticsManager]   ArrayPropertyStore v0.A.7
2017-05-07 05:05:50.706+0000 INFO [o.n.k.i.DiagnosticsManager]   PropertyStore v0.A.7
2017-05-07 05:05:50.706+0000 INFO [o.n.k.i.DiagnosticsManager]   RelationshipStore v0.A.7
2017-05-07 05:05:50.706+0000 INFO [o.n.k.i.DiagnosticsManager]   StringPropertyStore v0.A.7
2017-05-07 05:05:50.706+0000 INFO [o.n.k.i.DiagnosticsManager]   RelationshipTypeStore v0.A.7
2017-05-07 05:05:50.706+0000 INFO [o.n.k.i.DiagnosticsManager]   StringPropertyStore v0.A.7
2017-05-07 05:05:50.706+0000 INFO [o.n.k.i.DiagnosticsManager]   LabelTokenStore v0.A.7
2017-05-07 05:05:50.706+0000 INFO [o.n.k.i.DiagnosticsManager]   SchemaStore v0.A.7
2017-05-07 05:05:50.706+0000 INFO [o.n.k.i.DiagnosticsManager]   RelationshipGroupStore v0.A.7
2017-05-07 05:05:50.706+0000 INFO [o.n.k.i.DiagnosticsManager]   NeoStore v0.A.7
2017-05-07 05:05:50.706+0000 INFO [o.n.k.i.DiagnosticsManager] --- STARTED diagnostics for NEO_STORE_VERSIONS END ---
2017-05-07 05:05:50.706+0000 INFO [o.n.k.i.DiagnosticsManager] --- STARTED diagnostics for NEO_STORE_ID_USAGE START ---
2017-05-07 05:05:50.706+0000 INFO [o.n.k.i.DiagnosticsManager] Id usage:
2017-05-07 05:05:50.706+0000 INFO [o.n.k.i.DiagnosticsManager] Id usage:
2017-05-07 05:05:50.707+0000 INFO [o.n.k.i.DiagnosticsManager]   ArrayPropertyStore: used=1 high=0
2017-05-07 05:05:50.707+0000 INFO [o.n.k.i.DiagnosticsManager]   NodeStore: used=0 high=-1
2017-05-07 05:05:50.707+0000 INFO [o.n.k.i.DiagnosticsManager]   StringPropertyStore: used=1 high=0
2017-05-07 05:05:50.707+0000 INFO [o.n.k.i.DiagnosticsManager]   PropertyIndexStore: used=0 high=-1
2017-05-07 05:05:50.707+0000 INFO [o.n.k.i.DiagnosticsManager]   StringPropertyStore: used=1 high=0
2017-05-07 05:05:50.707+0000 INFO [o.n.k.i.DiagnosticsManager]   ArrayPropertyStore: used=1 high=0
2017-05-07 05:05:50.707+0000 INFO [o.n.k.i.DiagnosticsManager]   PropertyStore: used=0 high=-1
2017-05-07 05:05:50.707+0000 INFO [o.n.k.i.DiagnosticsManager]   RelationshipStore: used=0 high=-1
2017-05-07 05:05:50.707+0000 INFO [o.n.k.i.DiagnosticsManager]   StringPropertyStore: used=1 high=0
2017-05-07 05:05:50.707+0000 INFO [o.n.k.i.DiagnosticsManager]   RelationshipTypeStore: used=0 high=-1
2017-05-07 05:05:50.707+0000 INFO [o.n.k.i.DiagnosticsManager]   StringPropertyStore: used=1 high=0
2017-05-07 05:05:50.708+0000 INFO [o.n.k.i.DiagnosticsManager]   LabelTokenStore: used=0 high=-1
2017-05-07 05:05:50.708+0000 INFO [o.n.k.i.DiagnosticsManager]   SchemaStore: used=1 high=0
2017-05-07 05:05:50.708+0000 INFO [o.n.k.i.DiagnosticsManager]   RelationshipGroupStore: used=1 high=0
2017-05-07 05:05:50.708+0000 INFO [o.n.k.i.DiagnosticsManager]   NeoStore: used=15 high=14
2017-05-07 05:05:50.708+0000 INFO [o.n.k.i.DiagnosticsManager] --- STARTED diagnostics for NEO_STORE_ID_USAGE END ---
2017-05-07 05:05:50.708+0000 INFO [o.n.k.i.DiagnosticsManager] --- STARTED diagnostics for NEO_STORE_RECORDS START ---
2017-05-07 05:05:50.708+0000 INFO [o.n.k.i.DiagnosticsManager] Neostore records:
2017-05-07 05:05:50.709+0000 INFO [o.n.k.i.DiagnosticsManager] TIME (Creation time): 1494133549857
2017-05-07 05:05:50.709+0000 INFO [o.n.k.i.DiagnosticsManager] RANDOM_NUMBER (Random number for store id): 9030869695520720018
2017-05-07 05:05:50.709+0000 INFO [o.n.k.i.DiagnosticsManager] LOG_VERSION (Current log version): 0
2017-05-07 05:05:50.709+0000 INFO [o.n.k.i.DiagnosticsManager] LAST_TRANSACTION_ID (Last committed transaction): 1
2017-05-07 05:05:50.709+0000 INFO [o.n.k.i.DiagnosticsManager] STORE_VERSION (Store format version): 15531981201765894
2017-05-07 05:05:50.709+0000 INFO [o.n.k.i.DiagnosticsManager] FIRST_GRAPH_PROPERTY (First property record containing graph properties): -1
2017-05-07 05:05:50.709+0000 INFO [o.n.k.i.DiagnosticsManager] LAST_CONSTRAINT_TRANSACTION (Last committed transaction containing constraint changes): 0
2017-05-07 05:05:50.709+0000 INFO [o.n.k.i.DiagnosticsManager] UPGRADE_TRANSACTION_ID (Transaction id most recent upgrade was performed at): 1
2017-05-07 05:05:50.709+0000 INFO [o.n.k.i.DiagnosticsManager] UPGRADE_TIME (Time of last upgrade): 1494133549857
2017-05-07 05:05:50.710+0000 INFO [o.n.k.i.DiagnosticsManager] LAST_TRANSACTION_CHECKSUM (Checksum of last committed transaction): 0
2017-05-07 05:05:50.710+0000 INFO [o.n.k.i.DiagnosticsManager] UPGRADE_TRANSACTION_CHECKSUM (Checksum of transaction id the most recent upgrade was performed at): 0
2017-05-07 05:05:50.710+0000 INFO [o.n.k.i.DiagnosticsManager] LAST_CLOSED_TRANSACTION_LOG_VERSION (Log version where the last transaction commit entry has been written into): 0
2017-05-07 05:05:50.710+0000 INFO [o.n.k.i.DiagnosticsManager] LAST_CLOSED_TRANSACTION_LOG_BYTE_OFFSET (Byte offset in the log file where the last transaction commit entry has been written into): 16
2017-05-07 05:05:50.710+0000 INFO [o.n.k.i.DiagnosticsManager] LAST_TRANSACTION_COMMIT_TIMESTAMP (Commit time timestamp for last committed transaction): 0
2017-05-07 05:05:50.710+0000 INFO [o.n.k.i.DiagnosticsManager] UPGRADE_TRANSACTION_COMMIT_TIMESTAMP (Commit timestamp of transaction the most recent upgrade was performed at): 0
2017-05-07 05:05:50.710+0000 INFO [o.n.k.i.DiagnosticsManager] --- STARTED diagnostics for NEO_STORE_RECORDS END ---
2017-05-07 05:05:50.711+0000 INFO [o.n.k.i.DiagnosticsManager] --- STARTED diagnostics for TRANSACTION_RANGE START ---
2017-05-07 05:05:50.712+0000 INFO [o.n.k.i.DiagnosticsManager] Transaction log:
2017-05-07 05:05:50.713+0000 INFO [o.n.k.i.DiagnosticsManager] No transactions found in any log
2017-05-07 05:05:50.713+0000 INFO [o.n.k.i.DiagnosticsManager] --- STARTED diagnostics for TRANSACTION_RANGE END ---
2017-05-07 05:05:50.713+0000 INFO [o.n.k.i.DiagnosticsManager] --- STARTED diagnostics for KernelDiagnostics:StoreFiles START ---
2017-05-07 05:05:50.714+0000 INFO [o.n.k.i.DiagnosticsManager] Disk space on partition (Total / Free / Free %): 499055067136 / 291231043584 / 58
Storage files: (filename : modification date - size)
2017-05-07 05:05:50.715+0000 INFO [o.n.k.i.DiagnosticsManager]   index:
2017-05-07 05:05:50.715+0000 INFO [o.n.k.i.DiagnosticsManager]   - Total: 2017-05-07T00:05:50-0500 - 0.00 B
2017-05-07 05:05:50.715+0000 INFO [o.n.k.i.DiagnosticsManager]   logs:
2017-05-07 05:05:50.715+0000 INFO [o.n.k.i.DiagnosticsManager]     debug.log: 2017-05-07T00:05:50-0500 - 58.59 kB
2017-05-07 05:05:50.716+0000 INFO [o.n.k.i.DiagnosticsManager]   - Total: 2017-05-07T00:05:48-0500 - 58.59 kB
2017-05-07 05:05:50.716+0000 INFO [o.n.k.i.DiagnosticsManager]   neostore: 2017-05-07T00:05:49-0500 - 8.00 kB
2017-05-07 05:05:50.716+0000 INFO [o.n.k.i.DiagnosticsManager]   neostore.counts.db.a: 2017-05-07T00:05:50-0500 - 96.00 B
2017-05-07 05:05:50.716+0000 INFO [o.n.k.i.DiagnosticsManager]   neostore.id: 2017-05-07T00:05:49-0500 - 9.00 B
2017-05-07 05:05:50.716+0000 INFO [o.n.k.i.DiagnosticsManager]   neostore.labelscanstore.db: 2017-05-07T00:05:50-0500 - 40.00 kB
2017-05-07 05:05:50.716+0000 INFO [o.n.k.i.DiagnosticsManager]   neostore.labeltokenstore.db: 2017-05-07T00:05:49-0500 - 0.00 B
2017-05-07 05:05:50.717+0000 INFO [o.n.k.i.DiagnosticsManager]   neostore.labeltokenstore.db.id: 2017-05-07T00:05:49-0500 - 9.00 B
2017-05-07 05:05:50.717+0000 INFO [o.n.k.i.DiagnosticsManager]   neostore.labeltokenstore.db.names: 2017-05-07T00:05:49-0500 - 8.00 kB
2017-05-07 05:05:50.717+0000 INFO [o.n.k.i.DiagnosticsManager]   neostore.labeltokenstore.db.names.id: 2017-05-07T00:05:49-0500 - 9.00 B
2017-05-07 05:05:50.717+0000 INFO [o.n.k.i.DiagnosticsManager]   neostore.nodestore.db: 2017-05-07T00:05:49-0500 - 0.00 B
2017-05-07 05:05:50.717+0000 INFO [o.n.k.i.DiagnosticsManager]   neostore.nodestore.db.id: 2017-05-07T00:05:49-0500 - 9.00 B
2017-05-07 05:05:50.717+0000 INFO [o.n.k.i.DiagnosticsManager]   neostore.nodestore.db.labels: 2017-05-07T00:05:49-0500 - 8.00 kB
2017-05-07 05:05:50.718+0000 INFO [o.n.k.i.DiagnosticsManager]   neostore.nodestore.db.labels.id: 2017-05-07T00:05:49-0500 - 9.00 B
2017-05-07 05:05:50.718+0000 INFO [o.n.k.i.DiagnosticsManager]   neostore.propertystore.db: 2017-05-07T00:05:49-0500 - 0.00 B
2017-05-07 05:05:50.718+0000 INFO [o.n.k.i.DiagnosticsManager]   neostore.propertystore.db.arrays: 2017-05-07T00:05:49-0500 - 8.00 kB
2017-05-07 05:05:50.718+0000 INFO [o.n.k.i.DiagnosticsManager]   neostore.propertystore.db.arrays.id: 2017-05-07T00:05:49-0500 - 9.00 B
2017-05-07 05:05:50.718+0000 INFO [o.n.k.i.DiagnosticsManager]   neostore.propertystore.db.id: 2017-05-07T00:05:49-0500 - 9.00 B
2017-05-07 05:05:50.719+0000 INFO [o.n.k.i.DiagnosticsManager]   neostore.propertystore.db.index: 2017-05-07T00:05:49-0500 - 0.00 B
2017-05-07 05:05:50.719+0000 INFO [o.n.k.i.DiagnosticsManager]   neostore.propertystore.db.index.id: 2017-05-07T00:05:49-0500 - 9.00 B
2017-05-07 05:05:50.719+0000 INFO [o.n.k.i.DiagnosticsManager]   neostore.propertystore.db.index.keys: 2017-05-07T00:05:49-0500 - 8.00 kB
2017-05-07 05:05:50.719+0000 INFO [o.n.k.i.DiagnosticsManager]   neostore.propertystore.db.index.keys.id: 2017-05-07T00:05:49-0500 - 9.00 B
2017-05-07 05:05:50.719+0000 INFO [o.n.k.i.DiagnosticsManager]   neostore.propertystore.db.strings: 2017-05-07T00:05:49-0500 - 8.00 kB
2017-05-07 05:05:50.719+0000 INFO [o.n.k.i.DiagnosticsManager]   neostore.propertystore.db.strings.id: 2017-05-07T00:05:49-0500 - 9.00 B
2017-05-07 05:05:50.720+0000 INFO [o.n.k.i.DiagnosticsManager]   neostore.relationshipgroupstore.db: 2017-05-07T00:05:49-0500 - 8.00 kB
2017-05-07 05:05:50.720+0000 INFO [o.n.k.i.DiagnosticsManager]   neostore.relationshipgroupstore.db.id: 2017-05-07T00:05:49-0500 - 9.00 B
2017-05-07 05:05:50.720+0000 INFO [o.n.k.i.DiagnosticsManager]   neostore.relationshipstore.db: 2017-05-07T00:05:49-0500 - 0.00 B
2017-05-07 05:05:50.720+0000 INFO [o.n.k.i.DiagnosticsManager]   neostore.relationshipstore.db.id: 2017-05-07T00:05:49-0500 - 9.00 B
2017-05-07 05:05:50.720+0000 INFO [o.n.k.i.DiagnosticsManager]   neostore.relationshiptypestore.db: 2017-05-07T00:05:49-0500 - 0.00 B
2017-05-07 05:05:50.720+0000 INFO [o.n.k.i.DiagnosticsManager]   neostore.relationshiptypestore.db.id: 2017-05-07T00:05:49-0500 - 9.00 B
2017-05-07 05:05:50.721+0000 INFO [o.n.k.i.DiagnosticsManager]   neostore.relationshiptypestore.db.names: 2017-05-07T00:05:49-0500 - 8.00 kB
2017-05-07 05:05:50.721+0000 INFO [o.n.k.i.DiagnosticsManager]   neostore.relationshiptypestore.db.names.id: 2017-05-07T00:05:49-0500 - 9.00 B
2017-05-07 05:05:50.721+0000 INFO [o.n.k.i.DiagnosticsManager]   neostore.schemastore.db: 2017-05-07T00:05:49-0500 - 8.00 kB
2017-05-07 05:05:50.721+0000 INFO [o.n.k.i.DiagnosticsManager]   neostore.schemastore.db.id: 2017-05-07T00:05:49-0500 - 9.00 B
2017-05-07 05:05:50.721+0000 INFO [o.n.k.i.DiagnosticsManager]   neostore.transaction.db.0: 2017-05-07T00:05:50-0500 - 16.00 B
2017-05-07 05:05:50.721+0000 INFO [o.n.k.i.DiagnosticsManager]   store_lock: 2017-05-07T00:05:49-0500 - 0.00 B
2017-05-07 05:05:50.722+0000 INFO [o.n.k.i.DiagnosticsManager] --- STARTED diagnostics for KernelDiagnostics:StoreFiles END ---
2017-05-07 05:05:50.770+0000 INFO [o.n.k.i.f.GraphDatabaseFacadeFactory] Shutdown started
2017-05-07 05:05:50.771+0000 INFO [o.n.k.i.f.GraphDatabaseFacadeFactory] Database is now unavailable
2017-05-07 05:05:50.778+0000 INFO [o.n.k.i.t.l.c.CheckPointerImpl] Check Pointing triggered by database shutdown [1]:  Starting check pointing...
2017-05-07 05:05:50.778+0000 INFO [o.n.k.i.t.l.c.CheckPointerImpl] Check Pointing triggered by database shutdown [1]:  Starting store flush...
2017-05-07 05:05:50.781+0000 INFO [o.n.k.i.t.l.c.CheckPointerImpl] Check Pointing triggered by database shutdown [1]:  Store flush completed
2017-05-07 05:05:50.781+0000 INFO [o.n.k.i.t.l.c.CheckPointerImpl] Check Pointing triggered by database shutdown [1]:  Starting appending check point entry into the tx log...
2017-05-07 05:05:50.783+0000 INFO [o.n.k.i.t.l.c.CheckPointerImpl] Check Pointing triggered by database shutdown [1]:  Appending check point entry into the tx log completed
2017-05-07 05:05:50.783+0000 INFO [o.n.k.i.t.l.c.CheckPointerImpl] Check Pointing triggered by database shutdown [1]:  Check pointing completed
2017-05-07 05:05:50.783+0000 INFO [o.n.k.i.t.l.p.LogPruningImpl] Log Rotation [0]:  Starting log pruning.
2017-05-07 05:05:50.783+0000 INFO [o.n.k.i.t.l.p.LogPruningImpl] Log Rotation [0]:  Log pruning complete.
2017-05-07 05:05:50.803+0000 INFO [o.n.k.i.DiagnosticsManager] --- STOPPING diagnostics START ---
2017-05-07 05:05:50.803+0000 INFO [o.n.k.i.DiagnosticsManager] --- STOPPING diagnostics END ---
